{"contracts/Authority.sol":{"l":{"26":1,"27":1,"35":1,"36":1,"44":1,"45":1,"52":12,"53":10,"62":12,"63":0,"65":8,"67":1,"69":3},"path":"/home/nimrod/SandBox/ethereum/projects/role-contracts/contracts/Authority.sol","s":{"1":1,"2":1,"3":1,"4":1,"5":1,"6":1,"7":12,"8":12,"9":0,"10":12,"11":8,"12":4,"13":1,"14":3},"b":{"1":[10,2],"2":[0,12],"3":[8,4],"4":[1,3]},"f":{"1":1,"2":1,"3":1,"4":12,"5":12},"fnMap":{"1":{"name":null,"line":25,"loc":{"start":{"line":25,"column":4},"end":{"line":25,"column":22}}},"2":{"name":"setOwner","line":34,"loc":{"start":{"line":34,"column":4},"end":{"line":34,"column":51}}},"3":{"name":"setAuthority","line":43,"loc":{"start":{"line":43,"column":4},"end":{"line":43,"column":59}}},"4":{"name":"onlyAuth","line":51,"loc":{"start":{"line":51,"column":4},"end":{"line":51,"column":19}}},"5":{"name":"isAuthorized","line":61,"loc":{"start":{"line":61,"column":4},"end":{"line":61,"column":77}}}},"statementMap":{"1":{"start":{"line":26,"column":8},"end":{"line":26,"column":25}},"2":{"start":{"line":27,"column":8},"end":{"line":27,"column":31}},"3":{"start":{"line":35,"column":8},"end":{"line":35,"column":21}},"4":{"start":{"line":36,"column":8},"end":{"line":36,"column":31}},"5":{"start":{"line":44,"column":8},"end":{"line":44,"column":29}},"6":{"start":{"line":45,"column":8},"end":{"line":45,"column":39}},"7":{"start":{"line":52,"column":8},"end":{"line":52,"column":79}},"8":{"start":{"line":62,"column":8},"end":{"line":62,"column":1676}},"9":{"start":{"line":63,"column":12},"end":{"line":63,"column":23}},"10":{"start":{"line":64,"column":15},"end":{"line":64,"column":1744}},"11":{"start":{"line":65,"column":12},"end":{"line":65,"column":23}},"12":{"start":{"line":66,"column":15},"end":{"line":66,"column":1804}},"13":{"start":{"line":67,"column":12},"end":{"line":67,"column":24}},"14":{"start":{"line":69,"column":12},"end":{"line":69,"column":72}}},"branchMap":{"1":{"line":52,"type":"if","locations":[{"start":{"line":52,"column":8},"end":{"line":52,"column":8}},{"start":{"line":52,"column":8},"end":{"line":52,"column":8}}]},"2":{"line":62,"type":"if","locations":[{"start":{"line":62,"column":8},"end":{"line":62,"column":8}},{"start":{"line":62,"column":8},"end":{"line":62,"column":8}}]},"3":{"line":64,"type":"if","locations":[{"start":{"line":64,"column":15},"end":{"line":64,"column":15}},{"start":{"line":64,"column":15},"end":{"line":64,"column":15}}]},"4":{"line":66,"type":"if","locations":[{"start":{"line":66,"column":15},"end":{"line":66,"column":15}},{"start":{"line":66,"column":15},"end":{"line":66,"column":15}}]}}},"contracts/Roles.sol":{"l":{"32":2,"33":2,"43":3,"44":3,"45":3,"46":2,"48":1,"50":3,"60":1,"61":1,"72":2,"73":2,"74":2,"75":1,"77":1,"79":2,"87":6,"96":4,"104":5,"113":4,"122":2,"123":2,"124":2,"134":3,"135":1,"137":2,"138":2,"139":2,"149":2},"path":"/home/nimrod/SandBox/ethereum/projects/role-contracts/contracts/Roles.sol","s":{"1":2,"2":2,"3":3,"4":3,"5":3,"6":2,"7":1,"8":3,"9":1,"10":1,"11":2,"12":2,"13":2,"14":1,"15":1,"16":2,"17":6,"18":4,"19":5,"20":4,"21":2,"22":2,"23":2,"24":3,"25":1,"26":2,"27":2,"28":2,"29":2},"b":{"1":[2,1],"2":[1,1],"3":[1,2]},"f":{"1":2,"2":3,"3":1,"4":2,"5":6,"6":4,"7":5,"8":4,"9":2,"10":3,"11":2},"fnMap":{"1":{"name":"setRootUser","line":31,"loc":{"start":{"line":31,"column":4},"end":{"line":31,"column":65}}},"2":{"name":"setUserRole","line":42,"loc":{"start":{"line":42,"column":4},"end":{"line":42,"column":77}}},"3":{"name":"setPublicCapability","line":59,"loc":{"start":{"line":59,"column":4},"end":{"line":59,"column":86}}},"4":{"name":"setRoleCapability","line":71,"loc":{"start":{"line":71,"column":4},"end":{"line":71,"column":96}}},"5":{"name":"getUserRoles","line":86,"loc":{"start":{"line":86,"column":4},"end":{"line":86,"column":65}}},"6":{"name":"getCapabilityRoles","line":95,"loc":{"start":{"line":95,"column":4},"end":{"line":95,"column":84}}},"7":{"name":"isUserRoot","line":103,"loc":{"start":{"line":103,"column":4},"end":{"line":103,"column":60}}},"8":{"name":"isCapabilityPublic","line":112,"loc":{"start":{"line":112,"column":4},"end":{"line":112,"column":81}}},"9":{"name":"hasUserRole","line":121,"loc":{"start":{"line":121,"column":4},"end":{"line":121,"column":73}}},"10":{"name":"canCall","line":133,"loc":{"start":{"line":133,"column":4},"end":{"line":133,"column":86}}},"11":{"name":"bitNot","line":148,"loc":{"start":{"line":148,"column":4},"end":{"line":148,"column":63}}}},"statementMap":{"1":{"start":{"line":32,"column":8},"end":{"line":32,"column":31}},"2":{"start":{"line":33,"column":8},"end":{"line":33,"column":41}},"3":{"start":{"line":43,"column":8},"end":{"line":43,"column":41}},"4":{"start":{"line":44,"column":8},"end":{"line":44,"column":70}},"5":{"start":{"line":45,"column":8},"end":{"line":45,"column":1642}},"6":{"start":{"line":46,"column":12},"end":{"line":46,"column":47}},"7":{"start":{"line":48,"column":12},"end":{"line":48,"column":55}},"8":{"start":{"line":50,"column":8},"end":{"line":50,"column":48}},"9":{"start":{"line":60,"column":8},"end":{"line":60,"column":46}},"10":{"start":{"line":61,"column":8},"end":{"line":61,"column":55}},"11":{"start":{"line":72,"column":8},"end":{"line":72,"column":53}},"12":{"start":{"line":73,"column":8},"end":{"line":73,"column":70}},"13":{"start":{"line":74,"column":8},"end":{"line":74,"column":3000}},"14":{"start":{"line":75,"column":12},"end":{"line":75,"column":59}},"15":{"start":{"line":77,"column":12},"end":{"line":77,"column":67}},"16":{"start":{"line":79,"column":8},"end":{"line":79,"column":72}},"17":{"start":{"line":87,"column":8},"end":{"line":87,"column":29}},"18":{"start":{"line":96,"column":8},"end":{"line":96,"column":41}},"19":{"start":{"line":104,"column":8},"end":{"line":104,"column":29}},"20":{"start":{"line":113,"column":8},"end":{"line":113,"column":44}},"21":{"start":{"line":122,"column":8},"end":{"line":122,"column":40}},"22":{"start":{"line":123,"column":8},"end":{"line":123,"column":70}},"23":{"start":{"line":124,"column":8},"end":{"line":124,"column":44}},"24":{"start":{"line":134,"column":8},"end":{"line":134,"column":5190}},"25":{"start":{"line":135,"column":12},"end":{"line":135,"column":23}},"26":{"start":{"line":137,"column":12},"end":{"line":137,"column":50}},"27":{"start":{"line":138,"column":12},"end":{"line":138,"column":61}},"28":{"start":{"line":139,"column":12},"end":{"line":139,"column":54}},"29":{"start":{"line":149,"column":8},"end":{"line":149,"column":43}}},"branchMap":{"1":{"line":45,"type":"if","locations":[{"start":{"line":45,"column":8},"end":{"line":45,"column":8}},{"start":{"line":45,"column":8},"end":{"line":45,"column":8}}]},"2":{"line":74,"type":"if","locations":[{"start":{"line":74,"column":8},"end":{"line":74,"column":8}},{"start":{"line":74,"column":8},"end":{"line":74,"column":8}}]},"3":{"line":134,"type":"if","locations":[{"start":{"line":134,"column":8},"end":{"line":134,"column":8}},{"start":{"line":134,"column":8},"end":{"line":134,"column":8}}]}}}}