TN:
SF:/home/nimrod/SandBox/ethereum/projects/role-contracts/contracts/Authority.sol
FN:25,
FN:34,setOwner
FN:43,setAuthority
FN:51,onlyAuth
FN:61,isAuthorized
FNF:5
FNH:5
FNDA:1,
FNDA:1,setOwner
FNDA:1,setAuthority
FNDA:12,onlyAuth
FNDA:12,isAuthorized
DA:26,1
DA:27,1
DA:35,1
DA:36,1
DA:44,1
DA:45,1
DA:52,12
DA:53,10
DA:62,12
DA:63,0
DA:65,8
DA:67,1
DA:69,3
LF:13
LH:12
BRDA:52,1,0,10
BRDA:52,1,1,2
BRDA:62,2,0,0
BRDA:62,2,1,12
BRDA:64,3,0,8
BRDA:64,3,1,4
BRDA:66,4,0,1
BRDA:66,4,1,3
BRF:8
BRH:7
end_of_record
TN:
SF:/home/nimrod/SandBox/ethereum/projects/role-contracts/contracts/Roles.sol
FN:31,setRootUser
FN:42,setUserRole
FN:59,setPublicCapability
FN:71,setRoleCapability
FN:86,getUserRoles
FN:95,getCapabilityRoles
FN:103,isUserRoot
FN:112,isCapabilityPublic
FN:121,hasUserRole
FN:133,canCall
FN:148,bitNot
FNF:11
FNH:11
FNDA:2,setRootUser
FNDA:3,setUserRole
FNDA:1,setPublicCapability
FNDA:2,setRoleCapability
FNDA:6,getUserRoles
FNDA:4,getCapabilityRoles
FNDA:5,isUserRoot
FNDA:4,isCapabilityPublic
FNDA:2,hasUserRole
FNDA:3,canCall
FNDA:2,bitNot
DA:32,2
DA:33,2
DA:43,3
DA:44,3
DA:45,3
DA:46,2
DA:48,1
DA:50,3
DA:60,1
DA:61,1
DA:72,2
DA:73,2
DA:74,2
DA:75,1
DA:77,1
DA:79,2
DA:87,6
DA:96,4
DA:104,5
DA:113,4
DA:122,2
DA:123,2
DA:124,2
DA:134,3
DA:135,1
DA:137,2
DA:138,2
DA:139,2
DA:149,2
LF:29
LH:29
BRDA:45,1,0,2
BRDA:45,1,1,1
BRDA:74,2,0,1
BRDA:74,2,1,1
BRDA:134,3,0,1
BRDA:134,3,1,2
BRF:6
BRH:6
end_of_record
